Performing C SOURCE FILE Test CMAKE_HAVE_LIBC_PTHREAD failed with the following output:
Change Dir: /home/tf1/node-red-edgepi-thermocouple/node_modules/zeromq/build/libzmq-staging/build/CMakeFiles/CMakeTmp

Run Build Command(s):/usr/bin/gmake cmTC_5d777/fast && gmake[1]: Entering directory '/home/tf1/node-red-edgepi-thermocouple/node_modules/zeromq/build/libzmq-staging/build/CMakeFiles/CMakeTmp'
/usr/bin/gmake  -f CMakeFiles/cmTC_5d777.dir/build.make CMakeFiles/cmTC_5d777.dir/build
gmake[2]: Entering directory '/home/tf1/node-red-edgepi-thermocouple/node_modules/zeromq/build/libzmq-staging/build/CMakeFiles/CMakeTmp'
Building C object CMakeFiles/cmTC_5d777.dir/src.c.o
/usr/bin/cc   -DCMAKE_HAVE_LIBC_PTHREAD -o CMakeFiles/cmTC_5d777.dir/src.c.o -c /home/tf1/node-red-edgepi-thermocouple/node_modules/zeromq/build/libzmq-staging/build/CMakeFiles/CMakeTmp/src.c
Linking C executable cmTC_5d777
/usr/bin/cmake -E cmake_link_script CMakeFiles/cmTC_5d777.dir/link.txt --verbose=1
/usr/bin/cc  -DCMAKE_HAVE_LIBC_PTHREAD -rdynamic CMakeFiles/cmTC_5d777.dir/src.c.o -o cmTC_5d777 
/usr/bin/ld: CMakeFiles/cmTC_5d777.dir/src.c.o: in function `main':
src.c:(.text+0x34): undefined reference to `pthread_create'
/usr/bin/ld: src.c:(.text+0x3c): undefined reference to `pthread_detach'
/usr/bin/ld: src.c:(.text+0x44): undefined reference to `pthread_cancel'
/usr/bin/ld: src.c:(.text+0x50): undefined reference to `pthread_join'
collect2: error: ld returned 1 exit status
gmake[2]: *** [CMakeFiles/cmTC_5d777.dir/build.make:106: cmTC_5d777] Error 1
gmake[2]: Leaving directory '/home/tf1/node-red-edgepi-thermocouple/node_modules/zeromq/build/libzmq-staging/build/CMakeFiles/CMakeTmp'
gmake[1]: *** [Makefile:140: cmTC_5d777/fast] Error 2
gmake[1]: Leaving directory '/home/tf1/node-red-edgepi-thermocouple/node_modules/zeromq/build/libzmq-staging/build/CMakeFiles/CMakeTmp'


Source file was:
#include <pthread.h>

void* test_func(void* data)
{
  return data;
}

int main(void)
{
  pthread_t thread;
  pthread_create(&thread, NULL, test_func, NULL);
  pthread_detach(thread);
  pthread_cancel(thread);
  pthread_join(thread, NULL);
  pthread_atfork(NULL, NULL, NULL);
  pthread_exit(NULL);

  return 0;
}

Determining if the function pthread_create exists in the pthreads failed with the following output:
Change Dir: /home/tf1/node-red-edgepi-thermocouple/node_modules/zeromq/build/libzmq-staging/build/CMakeFiles/CMakeTmp

Run Build Command(s):/usr/bin/gmake cmTC_f9602/fast && gmake[1]: Entering directory '/home/tf1/node-red-edgepi-thermocouple/node_modules/zeromq/build/libzmq-staging/build/CMakeFiles/CMakeTmp'
/usr/bin/gmake  -f CMakeFiles/cmTC_f9602.dir/build.make CMakeFiles/cmTC_f9602.dir/build
gmake[2]: Entering directory '/home/tf1/node-red-edgepi-thermocouple/node_modules/zeromq/build/libzmq-staging/build/CMakeFiles/CMakeTmp'
Building C object CMakeFiles/cmTC_f9602.dir/CheckFunctionExists.c.o
/usr/bin/cc   -DCHECK_FUNCTION_EXISTS=pthread_create -o CMakeFiles/cmTC_f9602.dir/CheckFunctionExists.c.o -c /usr/share/cmake-3.18/Modules/CheckFunctionExists.c
Linking C executable cmTC_f9602
/usr/bin/cmake -E cmake_link_script CMakeFiles/cmTC_f9602.dir/link.txt --verbose=1
/usr/bin/cc  -DCHECK_FUNCTION_EXISTS=pthread_create -rdynamic CMakeFiles/cmTC_f9602.dir/CheckFunctionExists.c.o -o cmTC_f9602  -lpthreads 
/usr/bin/ld: cannot find -lpthreads
collect2: error: ld returned 1 exit status
gmake[2]: *** [CMakeFiles/cmTC_f9602.dir/build.make:106: cmTC_f9602] Error 1
gmake[2]: Leaving directory '/home/tf1/node-red-edgepi-thermocouple/node_modules/zeromq/build/libzmq-staging/build/CMakeFiles/CMakeTmp'
gmake[1]: *** [Makefile:140: cmTC_f9602/fast] Error 2
gmake[1]: Leaving directory '/home/tf1/node-red-edgepi-thermocouple/node_modules/zeromq/build/libzmq-staging/build/CMakeFiles/CMakeTmp'



Determining if the strlcpy exist failed with the following output:
Change Dir: /home/tf1/node-red-edgepi-thermocouple/node_modules/zeromq/build/libzmq-staging/build/CMakeFiles/CMakeTmp

Run Build Command(s):/usr/bin/gmake cmTC_18245/fast && gmake[1]: Entering directory '/home/tf1/node-red-edgepi-thermocouple/node_modules/zeromq/build/libzmq-staging/build/CMakeFiles/CMakeTmp'
/usr/bin/gmake  -f CMakeFiles/cmTC_18245.dir/build.make CMakeFiles/cmTC_18245.dir/build
gmake[2]: Entering directory '/home/tf1/node-red-edgepi-thermocouple/node_modules/zeromq/build/libzmq-staging/build/CMakeFiles/CMakeTmp'
Building CXX object CMakeFiles/cmTC_18245.dir/CheckSymbolExists.cxx.o
/usr/bin/c++   -std=c++11 -Wno-tautological-constant-compare  -o CMakeFiles/cmTC_18245.dir/CheckSymbolExists.cxx.o -c /home/tf1/node-red-edgepi-thermocouple/node_modules/zeromq/build/libzmq-staging/build/CMakeFiles/CMakeTmp/CheckSymbolExists.cxx
/home/tf1/node-red-edgepi-thermocouple/node_modules/zeromq/build/libzmq-staging/build/CMakeFiles/CMakeTmp/CheckSymbolExists.cxx: In function ‘int main(int, char**)’:
/home/tf1/node-red-edgepi-thermocouple/node_modules/zeromq/build/libzmq-staging/build/CMakeFiles/CMakeTmp/CheckSymbolExists.cxx:8:19: error: ‘strlcpy’ was not declared in this scope; did you mean ‘strncpy’?
    8 |   return ((int*)(&strlcpy))[argc];
      |                   ^~~~~~~
      |                   strncpy
At global scope:
cc1plus: note: unrecognized command-line option ‘-Wno-tautological-constant-compare’ may have been intended to silence earlier diagnostics
gmake[2]: *** [CMakeFiles/cmTC_18245.dir/build.make:85: CMakeFiles/cmTC_18245.dir/CheckSymbolExists.cxx.o] Error 1
gmake[2]: Leaving directory '/home/tf1/node-red-edgepi-thermocouple/node_modules/zeromq/build/libzmq-staging/build/CMakeFiles/CMakeTmp'
gmake[1]: *** [Makefile:140: cmTC_18245/fast] Error 2
gmake[1]: Leaving directory '/home/tf1/node-red-edgepi-thermocouple/node_modules/zeromq/build/libzmq-staging/build/CMakeFiles/CMakeTmp'


File /home/tf1/node-red-edgepi-thermocouple/node_modules/zeromq/build/libzmq-staging/build/CMakeFiles/CMakeTmp/CheckSymbolExists.cxx:
/* */
#include <string.h>

int main(int argc, char** argv)
{
  (void)argv;
#ifndef strlcpy
  return ((int*)(&strlcpy))[argc];
#else
  (void)argc;
  return 0;
#endif
}
Determining if the kqueue exist failed with the following output:
Change Dir: /home/tf1/node-red-edgepi-thermocouple/node_modules/zeromq/build/libzmq-staging/build/CMakeFiles/CMakeTmp

Run Build Command(s):/usr/bin/gmake cmTC_169e5/fast && gmake[1]: Entering directory '/home/tf1/node-red-edgepi-thermocouple/node_modules/zeromq/build/libzmq-staging/build/CMakeFiles/CMakeTmp'
/usr/bin/gmake  -f CMakeFiles/cmTC_169e5.dir/build.make CMakeFiles/cmTC_169e5.dir/build
gmake[2]: Entering directory '/home/tf1/node-red-edgepi-thermocouple/node_modules/zeromq/build/libzmq-staging/build/CMakeFiles/CMakeTmp'
Building CXX object CMakeFiles/cmTC_169e5.dir/CheckSymbolExists.cxx.o
/usr/bin/c++   -std=c++11 -Wno-tautological-constant-compare  -o CMakeFiles/cmTC_169e5.dir/CheckSymbolExists.cxx.o -c /home/tf1/node-red-edgepi-thermocouple/node_modules/zeromq/build/libzmq-staging/build/CMakeFiles/CMakeTmp/CheckSymbolExists.cxx
/home/tf1/node-red-edgepi-thermocouple/node_modules/zeromq/build/libzmq-staging/build/CMakeFiles/CMakeTmp/CheckSymbolExists.cxx:2:10: fatal error: sys/event.h: No such file or directory
    2 | #include <sys/event.h>
      |          ^~~~~~~~~~~~~
compilation terminated.
gmake[2]: *** [CMakeFiles/cmTC_169e5.dir/build.make:85: CMakeFiles/cmTC_169e5.dir/CheckSymbolExists.cxx.o] Error 1
gmake[2]: Leaving directory '/home/tf1/node-red-edgepi-thermocouple/node_modules/zeromq/build/libzmq-staging/build/CMakeFiles/CMakeTmp'
gmake[1]: *** [Makefile:140: cmTC_169e5/fast] Error 2
gmake[1]: Leaving directory '/home/tf1/node-red-edgepi-thermocouple/node_modules/zeromq/build/libzmq-staging/build/CMakeFiles/CMakeTmp'


File /home/tf1/node-red-edgepi-thermocouple/node_modules/zeromq/build/libzmq-staging/build/CMakeFiles/CMakeTmp/CheckSymbolExists.cxx:
/* */
#include <sys/event.h>

int main(int argc, char** argv)
{
  (void)argv;
#ifndef kqueue
  return ((int*)(&kqueue))[argc];
#else
  (void)argc;
  return 0;
#endif
}
Determining if files windows.h exist failed with the following output:
Change Dir: /home/tf1/node-red-edgepi-thermocouple/node_modules/zeromq/build/libzmq-staging/build/CMakeFiles/CMakeTmp

Run Build Command(s):/usr/bin/gmake cmTC_2be31/fast && gmake[1]: Entering directory '/home/tf1/node-red-edgepi-thermocouple/node_modules/zeromq/build/libzmq-staging/build/CMakeFiles/CMakeTmp'
/usr/bin/gmake  -f CMakeFiles/cmTC_2be31.dir/build.make CMakeFiles/cmTC_2be31.dir/build
gmake[2]: Entering directory '/home/tf1/node-red-edgepi-thermocouple/node_modules/zeromq/build/libzmq-staging/build/CMakeFiles/CMakeTmp'
Building C object CMakeFiles/cmTC_2be31.dir/ZMQ_HAVE_WINDOWS.c.o
/usr/bin/cc   -std=c11 -Wno-tautological-constant-compare  -o CMakeFiles/cmTC_2be31.dir/ZMQ_HAVE_WINDOWS.c.o -c /home/tf1/node-red-edgepi-thermocouple/node_modules/zeromq/build/libzmq-staging/build/CMakeFiles/CheckIncludeFiles/ZMQ_HAVE_WINDOWS.c
/home/tf1/node-red-edgepi-thermocouple/node_modules/zeromq/build/libzmq-staging/build/CMakeFiles/CheckIncludeFiles/ZMQ_HAVE_WINDOWS.c:2:10: fatal error: windows.h: No such file or directory
    2 | #include <windows.h>
      |          ^~~~~~~~~~~
compilation terminated.
gmake[2]: *** [CMakeFiles/cmTC_2be31.dir/build.make:85: CMakeFiles/cmTC_2be31.dir/ZMQ_HAVE_WINDOWS.c.o] Error 1
gmake[2]: Leaving directory '/home/tf1/node-red-edgepi-thermocouple/node_modules/zeromq/build/libzmq-staging/build/CMakeFiles/CMakeTmp'
gmake[1]: *** [Makefile:140: cmTC_2be31/fast] Error 2
gmake[1]: Leaving directory '/home/tf1/node-red-edgepi-thermocouple/node_modules/zeromq/build/libzmq-staging/build/CMakeFiles/CMakeTmp'


Source:
/* */
#include <windows.h>


int main(void){return 0;}

Determining if the LOCAL_PEERCRED exist failed with the following output:
Change Dir: /home/tf1/node-red-edgepi-thermocouple/node_modules/zeromq/build/libzmq-staging/build/CMakeFiles/CMakeTmp

Run Build Command(s):/usr/bin/gmake cmTC_77f06/fast && gmake[1]: Entering directory '/home/tf1/node-red-edgepi-thermocouple/node_modules/zeromq/build/libzmq-staging/build/CMakeFiles/CMakeTmp'
/usr/bin/gmake  -f CMakeFiles/cmTC_77f06.dir/build.make CMakeFiles/cmTC_77f06.dir/build
gmake[2]: Entering directory '/home/tf1/node-red-edgepi-thermocouple/node_modules/zeromq/build/libzmq-staging/build/CMakeFiles/CMakeTmp'
Building CXX object CMakeFiles/cmTC_77f06.dir/CheckSymbolExists.cxx.o
/usr/bin/c++   -std=c++11 -Wno-tautological-constant-compare  -o CMakeFiles/cmTC_77f06.dir/CheckSymbolExists.cxx.o -c /home/tf1/node-red-edgepi-thermocouple/node_modules/zeromq/build/libzmq-staging/build/CMakeFiles/CMakeTmp/CheckSymbolExists.cxx
/home/tf1/node-red-edgepi-thermocouple/node_modules/zeromq/build/libzmq-staging/build/CMakeFiles/CMakeTmp/CheckSymbolExists.cxx: In function ‘int main(int, char**)’:
/home/tf1/node-red-edgepi-thermocouple/node_modules/zeromq/build/libzmq-staging/build/CMakeFiles/CMakeTmp/CheckSymbolExists.cxx:8:19: error: ‘LOCAL_PEERCRED’ was not declared in this scope; did you mean ‘SO_PEERCRED’?
    8 |   return ((int*)(&LOCAL_PEERCRED))[argc];
      |                   ^~~~~~~~~~~~~~
      |                   SO_PEERCRED
At global scope:
cc1plus: note: unrecognized command-line option ‘-Wno-tautological-constant-compare’ may have been intended to silence earlier diagnostics
gmake[2]: *** [CMakeFiles/cmTC_77f06.dir/build.make:85: CMakeFiles/cmTC_77f06.dir/CheckSymbolExists.cxx.o] Error 1
gmake[2]: Leaving directory '/home/tf1/node-red-edgepi-thermocouple/node_modules/zeromq/build/libzmq-staging/build/CMakeFiles/CMakeTmp'
gmake[1]: *** [Makefile:140: cmTC_77f06/fast] Error 2
gmake[1]: Leaving directory '/home/tf1/node-red-edgepi-thermocouple/node_modules/zeromq/build/libzmq-staging/build/CMakeFiles/CMakeTmp'


File /home/tf1/node-red-edgepi-thermocouple/node_modules/zeromq/build/libzmq-staging/build/CMakeFiles/CMakeTmp/CheckSymbolExists.cxx:
/* */
#include <sys/socket.h>

int main(int argc, char** argv)
{
  (void)argv;
#ifndef LOCAL_PEERCRED
  return ((int*)(&LOCAL_PEERCRED))[argc];
#else
  (void)argc;
  return 0;
#endif
}
Determining if the gethrtime exist failed with the following output:
Change Dir: /home/tf1/node-red-edgepi-thermocouple/node_modules/zeromq/build/libzmq-staging/build/CMakeFiles/CMakeTmp

Run Build Command(s):/usr/bin/gmake cmTC_55bc3/fast && gmake[1]: Entering directory '/home/tf1/node-red-edgepi-thermocouple/node_modules/zeromq/build/libzmq-staging/build/CMakeFiles/CMakeTmp'
/usr/bin/gmake  -f CMakeFiles/cmTC_55bc3.dir/build.make CMakeFiles/cmTC_55bc3.dir/build
gmake[2]: Entering directory '/home/tf1/node-red-edgepi-thermocouple/node_modules/zeromq/build/libzmq-staging/build/CMakeFiles/CMakeTmp'
Building CXX object CMakeFiles/cmTC_55bc3.dir/CheckSymbolExists.cxx.o
/usr/bin/c++   -std=c++11 -Wno-tautological-constant-compare  -o CMakeFiles/cmTC_55bc3.dir/CheckSymbolExists.cxx.o -c /home/tf1/node-red-edgepi-thermocouple/node_modules/zeromq/build/libzmq-staging/build/CMakeFiles/CMakeTmp/CheckSymbolExists.cxx
/home/tf1/node-red-edgepi-thermocouple/node_modules/zeromq/build/libzmq-staging/build/CMakeFiles/CMakeTmp/CheckSymbolExists.cxx: In function ‘int main(int, char**)’:
/home/tf1/node-red-edgepi-thermocouple/node_modules/zeromq/build/libzmq-staging/build/CMakeFiles/CMakeTmp/CheckSymbolExists.cxx:8:19: error: ‘gethrtime’ was not declared in this scope; did you mean ‘getitimer’?
    8 |   return ((int*)(&gethrtime))[argc];
      |                   ^~~~~~~~~
      |                   getitimer
At global scope:
cc1plus: note: unrecognized command-line option ‘-Wno-tautological-constant-compare’ may have been intended to silence earlier diagnostics
gmake[2]: *** [CMakeFiles/cmTC_55bc3.dir/build.make:85: CMakeFiles/cmTC_55bc3.dir/CheckSymbolExists.cxx.o] Error 1
gmake[2]: Leaving directory '/home/tf1/node-red-edgepi-thermocouple/node_modules/zeromq/build/libzmq-staging/build/CMakeFiles/CMakeTmp'
gmake[1]: *** [Makefile:140: cmTC_55bc3/fast] Error 2
gmake[1]: Leaving directory '/home/tf1/node-red-edgepi-thermocouple/node_modules/zeromq/build/libzmq-staging/build/CMakeFiles/CMakeTmp'


File /home/tf1/node-red-edgepi-thermocouple/node_modules/zeromq/build/libzmq-staging/build/CMakeFiles/CMakeTmp/CheckSymbolExists.cxx:
/* */
#include <sys/time.h>

int main(int argc, char** argv)
{
  (void)argv;
#ifndef gethrtime
  return ((int*)(&gethrtime))[argc];
#else
  (void)argc;
  return 0;
#endif
}
Performing C++ SOURCE FILE Test HAVE_FLAG_-Wall failed with the following output:
Change Dir: /home/tf1/node-red-edgepi-thermocouple/node_modules/zeromq/build/libzmq-staging/build/CMakeFiles/CMakeTmp

Run Build Command(s):/usr/bin/gmake cmTC_ffb9f/fast && gmake[1]: Entering directory '/home/tf1/node-red-edgepi-thermocouple/node_modules/zeromq/build/libzmq-staging/build/CMakeFiles/CMakeTmp'
/usr/bin/gmake  -f CMakeFiles/cmTC_ffb9f.dir/build.make CMakeFiles/cmTC_ffb9f.dir/build
gmake[2]: Entering directory '/home/tf1/node-red-edgepi-thermocouple/node_modules/zeromq/build/libzmq-staging/build/CMakeFiles/CMakeTmp'
Building CXX object CMakeFiles/cmTC_ffb9f.dir/src.cxx.o
/usr/bin/c++   -std=c++11 -Wno-tautological-constant-compare -DHAVE_FLAG_-Wall   -Wall -o CMakeFiles/cmTC_ffb9f.dir/src.cxx.o -c /home/tf1/node-red-edgepi-thermocouple/node_modules/zeromq/build/libzmq-staging/build/CMakeFiles/CMakeTmp/src.cxx
<command-line>: warning: ISO C++11 requires whitespace after the macro name
cc1plus: note: unrecognized command-line option '-Wno-tautological-constant-compare' may have been intended to silence earlier diagnostics
Linking CXX executable cmTC_ffb9f
/usr/bin/cmake -E cmake_link_script CMakeFiles/cmTC_ffb9f.dir/link.txt --verbose=1
/usr/bin/c++  -std=c++11 -Wno-tautological-constant-compare -DHAVE_FLAG_-Wall -rdynamic CMakeFiles/cmTC_ffb9f.dir/src.cxx.o -o cmTC_ffb9f 
gmake[2]: Leaving directory '/home/tf1/node-red-edgepi-thermocouple/node_modules/zeromq/build/libzmq-staging/build/CMakeFiles/CMakeTmp'
gmake[1]: Leaving directory '/home/tf1/node-red-edgepi-thermocouple/node_modules/zeromq/build/libzmq-staging/build/CMakeFiles/CMakeTmp'


Source file was:
int main() { return 0; }
Performing C++ SOURCE FILE Test HAVE_FLAG_-Wextra failed with the following output:
Change Dir: /home/tf1/node-red-edgepi-thermocouple/node_modules/zeromq/build/libzmq-staging/build/CMakeFiles/CMakeTmp

Run Build Command(s):/usr/bin/gmake cmTC_69dd3/fast && gmake[1]: Entering directory '/home/tf1/node-red-edgepi-thermocouple/node_modules/zeromq/build/libzmq-staging/build/CMakeFiles/CMakeTmp'
/usr/bin/gmake  -f CMakeFiles/cmTC_69dd3.dir/build.make CMakeFiles/cmTC_69dd3.dir/build
gmake[2]: Entering directory '/home/tf1/node-red-edgepi-thermocouple/node_modules/zeromq/build/libzmq-staging/build/CMakeFiles/CMakeTmp'
Building CXX object CMakeFiles/cmTC_69dd3.dir/src.cxx.o
/usr/bin/c++   -std=c++11 -Wno-tautological-constant-compare -DHAVE_FLAG_-Wextra   -Wextra -o CMakeFiles/cmTC_69dd3.dir/src.cxx.o -c /home/tf1/node-red-edgepi-thermocouple/node_modules/zeromq/build/libzmq-staging/build/CMakeFiles/CMakeTmp/src.cxx
<command-line>: warning: ISO C++11 requires whitespace after the macro name
cc1plus: note: unrecognized command-line option '-Wno-tautological-constant-compare' may have been intended to silence earlier diagnostics
Linking CXX executable cmTC_69dd3
/usr/bin/cmake -E cmake_link_script CMakeFiles/cmTC_69dd3.dir/link.txt --verbose=1
/usr/bin/c++  -std=c++11 -Wno-tautological-constant-compare -DHAVE_FLAG_-Wextra -rdynamic CMakeFiles/cmTC_69dd3.dir/src.cxx.o -o cmTC_69dd3 
gmake[2]: Leaving directory '/home/tf1/node-red-edgepi-thermocouple/node_modules/zeromq/build/libzmq-staging/build/CMakeFiles/CMakeTmp'
gmake[1]: Leaving directory '/home/tf1/node-red-edgepi-thermocouple/node_modules/zeromq/build/libzmq-staging/build/CMakeFiles/CMakeTmp'


Source file was:
int main() { return 0; }
Performing C++ SOURCE FILE Test HAVE_FLAG_-Wno-long-long failed with the following output:
Change Dir: /home/tf1/node-red-edgepi-thermocouple/node_modules/zeromq/build/libzmq-staging/build/CMakeFiles/CMakeTmp

Run Build Command(s):/usr/bin/gmake cmTC_2efc0/fast && gmake[1]: Entering directory '/home/tf1/node-red-edgepi-thermocouple/node_modules/zeromq/build/libzmq-staging/build/CMakeFiles/CMakeTmp'
/usr/bin/gmake  -f CMakeFiles/cmTC_2efc0.dir/build.make CMakeFiles/cmTC_2efc0.dir/build
gmake[2]: Entering directory '/home/tf1/node-red-edgepi-thermocouple/node_modules/zeromq/build/libzmq-staging/build/CMakeFiles/CMakeTmp'
Building CXX object CMakeFiles/cmTC_2efc0.dir/src.cxx.o
/usr/bin/c++   -std=c++11 -Wno-tautological-constant-compare -DHAVE_FLAG_-Wno-long-long   -Wno-long-long -o CMakeFiles/cmTC_2efc0.dir/src.cxx.o -c /home/tf1/node-red-edgepi-thermocouple/node_modules/zeromq/build/libzmq-staging/build/CMakeFiles/CMakeTmp/src.cxx
<command-line>: warning: ISO C++11 requires whitespace after the macro name
cc1plus: note: unrecognized command-line option '-Wno-tautological-constant-compare' may have been intended to silence earlier diagnostics
Linking CXX executable cmTC_2efc0
/usr/bin/cmake -E cmake_link_script CMakeFiles/cmTC_2efc0.dir/link.txt --verbose=1
/usr/bin/c++  -std=c++11 -Wno-tautological-constant-compare -DHAVE_FLAG_-Wno-long-long -rdynamic CMakeFiles/cmTC_2efc0.dir/src.cxx.o -o cmTC_2efc0 
gmake[2]: Leaving directory '/home/tf1/node-red-edgepi-thermocouple/node_modules/zeromq/build/libzmq-staging/build/CMakeFiles/CMakeTmp'
gmake[1]: Leaving directory '/home/tf1/node-red-edgepi-thermocouple/node_modules/zeromq/build/libzmq-staging/build/CMakeFiles/CMakeTmp'


Source file was:
int main() { return 0; }
Performing C++ SOURCE FILE Test HAVE_FLAG_-Wno-uninitialized failed with the following output:
Change Dir: /home/tf1/node-red-edgepi-thermocouple/node_modules/zeromq/build/libzmq-staging/build/CMakeFiles/CMakeTmp

Run Build Command(s):/usr/bin/gmake cmTC_4c084/fast && gmake[1]: Entering directory '/home/tf1/node-red-edgepi-thermocouple/node_modules/zeromq/build/libzmq-staging/build/CMakeFiles/CMakeTmp'
/usr/bin/gmake  -f CMakeFiles/cmTC_4c084.dir/build.make CMakeFiles/cmTC_4c084.dir/build
gmake[2]: Entering directory '/home/tf1/node-red-edgepi-thermocouple/node_modules/zeromq/build/libzmq-staging/build/CMakeFiles/CMakeTmp'
Building CXX object CMakeFiles/cmTC_4c084.dir/src.cxx.o
/usr/bin/c++   -std=c++11 -Wno-tautological-constant-compare -DHAVE_FLAG_-Wno-uninitialized   -Wno-uninitialized -o CMakeFiles/cmTC_4c084.dir/src.cxx.o -c /home/tf1/node-red-edgepi-thermocouple/node_modules/zeromq/build/libzmq-staging/build/CMakeFiles/CMakeTmp/src.cxx
<command-line>: warning: ISO C++11 requires whitespace after the macro name
cc1plus: note: unrecognized command-line option '-Wno-tautological-constant-compare' may have been intended to silence earlier diagnostics
Linking CXX executable cmTC_4c084
/usr/bin/cmake -E cmake_link_script CMakeFiles/cmTC_4c084.dir/link.txt --verbose=1
/usr/bin/c++  -std=c++11 -Wno-tautological-constant-compare -DHAVE_FLAG_-Wno-uninitialized -rdynamic CMakeFiles/cmTC_4c084.dir/src.cxx.o -o cmTC_4c084 
gmake[2]: Leaving directory '/home/tf1/node-red-edgepi-thermocouple/node_modules/zeromq/build/libzmq-staging/build/CMakeFiles/CMakeTmp'
gmake[1]: Leaving directory '/home/tf1/node-red-edgepi-thermocouple/node_modules/zeromq/build/libzmq-staging/build/CMakeFiles/CMakeTmp'


Source file was:
int main() { return 0; }
Performing C++ SOURCE FILE Test HAVE_FLAG_-pedantic failed with the following output:
Change Dir: /home/tf1/node-red-edgepi-thermocouple/node_modules/zeromq/build/libzmq-staging/build/CMakeFiles/CMakeTmp

Run Build Command(s):/usr/bin/gmake cmTC_329f0/fast && gmake[1]: Entering directory '/home/tf1/node-red-edgepi-thermocouple/node_modules/zeromq/build/libzmq-staging/build/CMakeFiles/CMakeTmp'
/usr/bin/gmake  -f CMakeFiles/cmTC_329f0.dir/build.make CMakeFiles/cmTC_329f0.dir/build
gmake[2]: Entering directory '/home/tf1/node-red-edgepi-thermocouple/node_modules/zeromq/build/libzmq-staging/build/CMakeFiles/CMakeTmp'
Building CXX object CMakeFiles/cmTC_329f0.dir/src.cxx.o
/usr/bin/c++   -std=c++11 -Wno-tautological-constant-compare -DHAVE_FLAG_-pedantic   -pedantic -o CMakeFiles/cmTC_329f0.dir/src.cxx.o -c /home/tf1/node-red-edgepi-thermocouple/node_modules/zeromq/build/libzmq-staging/build/CMakeFiles/CMakeTmp/src.cxx
<command-line>: warning: ISO C++11 requires whitespace after the macro name
cc1plus: note: unrecognized command-line option '-Wno-tautological-constant-compare' may have been intended to silence earlier diagnostics
Linking CXX executable cmTC_329f0
/usr/bin/cmake -E cmake_link_script CMakeFiles/cmTC_329f0.dir/link.txt --verbose=1
/usr/bin/c++  -std=c++11 -Wno-tautological-constant-compare -DHAVE_FLAG_-pedantic -rdynamic CMakeFiles/cmTC_329f0.dir/src.cxx.o -o cmTC_329f0 
gmake[2]: Leaving directory '/home/tf1/node-red-edgepi-thermocouple/node_modules/zeromq/build/libzmq-staging/build/CMakeFiles/CMakeTmp'
gmake[1]: Leaving directory '/home/tf1/node-red-edgepi-thermocouple/node_modules/zeromq/build/libzmq-staging/build/CMakeFiles/CMakeTmp'


Source file was:
int main() { return 0; }
Performing C SOURCE FILE Test ZMQ_HAVE_O_CLOEXEC failed with the following compile output:
Change Dir: /home/tf1/node-red-edgepi-thermocouple/node_modules/zeromq/build/libzmq-staging/build/CMakeFiles/CMakeTmp

Run Build Command(s):/usr/bin/gmake cmTC_a5921/fast && gmake[1]: Entering directory '/home/tf1/node-red-edgepi-thermocouple/node_modules/zeromq/build/libzmq-staging/build/CMakeFiles/CMakeTmp'
/usr/bin/gmake  -f CMakeFiles/cmTC_a5921.dir/build.make CMakeFiles/cmTC_a5921.dir/build
gmake[2]: Entering directory '/home/tf1/node-red-edgepi-thermocouple/node_modules/zeromq/build/libzmq-staging/build/CMakeFiles/CMakeTmp'
Building C object CMakeFiles/cmTC_a5921.dir/src.c.o
/usr/bin/cc   -std=c11 -Wno-tautological-constant-compare -DZMQ_HAVE_O_CLOEXEC -o CMakeFiles/cmTC_a5921.dir/src.c.o -c /home/tf1/node-red-edgepi-thermocouple/node_modules/zeromq/build/libzmq-staging/build/CMakeFiles/CMakeTmp/src.c
/home/tf1/node-red-edgepi-thermocouple/node_modules/zeromq/build/libzmq-staging/build/CMakeFiles/CMakeTmp/src.c: In function ‘main’:
/home/tf1/node-red-edgepi-thermocouple/node_modules/zeromq/build/libzmq-staging/build/CMakeFiles/CMakeTmp/src.c:8:32: error: ‘O_CLOEXEC’ undeclared (first use in this function); did you mean ‘FD_CLOEXEC’?
    8 |     int s = open ("/dev/null", O_CLOEXEC | O_RDONLY);
      |                                ^~~~~~~~~
      |                                FD_CLOEXEC
/home/tf1/node-red-edgepi-thermocouple/node_modules/zeromq/build/libzmq-staging/build/CMakeFiles/CMakeTmp/src.c:8:32: note: each undeclared identifier is reported only once for each function it appears in
/home/tf1/node-red-edgepi-thermocouple/node_modules/zeromq/build/libzmq-staging/build/CMakeFiles/CMakeTmp/src.c: At top level:
cc1: note: unrecognized command-line option ‘-Wno-tautological-constant-compare’ may have been intended to silence earlier diagnostics
gmake[2]: *** [CMakeFiles/cmTC_a5921.dir/build.make:85: CMakeFiles/cmTC_a5921.dir/src.c.o] Error 1
gmake[2]: Leaving directory '/home/tf1/node-red-edgepi-thermocouple/node_modules/zeromq/build/libzmq-staging/build/CMakeFiles/CMakeTmp'
gmake[1]: *** [Makefile:140: cmTC_a5921/fast] Error 2
gmake[1]: Leaving directory '/home/tf1/node-red-edgepi-thermocouple/node_modules/zeromq/build/libzmq-staging/build/CMakeFiles/CMakeTmp'


...and run output:

Return value: 1
Source file was:

#include <sys/types.h>
#include <sys/stat.h>
#include <fcntl.h>

int main(int argc, char *argv [])
{
    int s = open ("/dev/null", O_CLOEXEC | O_RDONLY);
    return s == -1;
}

Performing C SOURCE FILE Test ZMQ_HAVE_SO_BINDTODEVICE failed with the following compile output:
Change Dir: /home/tf1/node-red-edgepi-thermocouple/node_modules/zeromq/build/libzmq-staging/build/CMakeFiles/CMakeTmp

Run Build Command(s):/usr/bin/gmake cmTC_1b8c9/fast && gmake[1]: Entering directory '/home/tf1/node-red-edgepi-thermocouple/node_modules/zeromq/build/libzmq-staging/build/CMakeFiles/CMakeTmp'
/usr/bin/gmake  -f CMakeFiles/cmTC_1b8c9.dir/build.make CMakeFiles/cmTC_1b8c9.dir/build
gmake[2]: Entering directory '/home/tf1/node-red-edgepi-thermocouple/node_modules/zeromq/build/libzmq-staging/build/CMakeFiles/CMakeTmp'
Building C object CMakeFiles/cmTC_1b8c9.dir/src.c.o
/usr/bin/cc   -std=c11 -Wno-tautological-constant-compare -DZMQ_HAVE_SO_BINDTODEVICE -o CMakeFiles/cmTC_1b8c9.dir/src.c.o -c /home/tf1/node-red-edgepi-thermocouple/node_modules/zeromq/build/libzmq-staging/build/CMakeFiles/CMakeTmp/src.c
Linking C executable cmTC_1b8c9
/usr/bin/cmake -E cmake_link_script CMakeFiles/cmTC_1b8c9.dir/link.txt --verbose=1
/usr/bin/cc  -std=c11 -Wno-tautological-constant-compare -DZMQ_HAVE_SO_BINDTODEVICE -rdynamic CMakeFiles/cmTC_1b8c9.dir/src.c.o -o cmTC_1b8c9 
gmake[2]: Leaving directory '/home/tf1/node-red-edgepi-thermocouple/node_modules/zeromq/build/libzmq-staging/build/CMakeFiles/CMakeTmp'
gmake[1]: Leaving directory '/home/tf1/node-red-edgepi-thermocouple/node_modules/zeromq/build/libzmq-staging/build/CMakeFiles/CMakeTmp'


...and run output:

Return value: 1
Source file was:

#include <sys/socket.h>

int main(int argc, char *argv [])
{
/* Actually making the setsockopt() call requires CAP_NET_RAW */
#ifndef SO_BINDTODEVICE
    return 1;
#else
    return 0;
#endif
}

Performing C SOURCE FILE Test ZMQ_HAVE_SO_PRIORITY failed with the following compile output:
Change Dir: /home/tf1/node-red-edgepi-thermocouple/node_modules/zeromq/build/libzmq-staging/build/CMakeFiles/CMakeTmp

Run Build Command(s):/usr/bin/gmake cmTC_60606/fast && gmake[1]: Entering directory '/home/tf1/node-red-edgepi-thermocouple/node_modules/zeromq/build/libzmq-staging/build/CMakeFiles/CMakeTmp'
/usr/bin/gmake  -f CMakeFiles/cmTC_60606.dir/build.make CMakeFiles/cmTC_60606.dir/build
gmake[2]: Entering directory '/home/tf1/node-red-edgepi-thermocouple/node_modules/zeromq/build/libzmq-staging/build/CMakeFiles/CMakeTmp'
Building C object CMakeFiles/cmTC_60606.dir/src.c.o
/usr/bin/cc   -std=c11 -Wno-tautological-constant-compare -DZMQ_HAVE_SO_PRIORITY -o CMakeFiles/cmTC_60606.dir/src.c.o -c /home/tf1/node-red-edgepi-thermocouple/node_modules/zeromq/build/libzmq-staging/build/CMakeFiles/CMakeTmp/src.c
/home/tf1/node-red-edgepi-thermocouple/node_modules/zeromq/build/libzmq-staging/build/CMakeFiles/CMakeTmp/src.c: In function ‘main’:
/home/tf1/node-red-edgepi-thermocouple/node_modules/zeromq/build/libzmq-staging/build/CMakeFiles/CMakeTmp/src.c:10:43: error: ‘SO_PRIORITY’ undeclared (first use in this function)
   10 |         ((rc = setsockopt (s, SOL_SOCKET, SO_PRIORITY, (char*) &opt, sizeof (int))) == -1)
      |                                           ^~~~~~~~~~~
/home/tf1/node-red-edgepi-thermocouple/node_modules/zeromq/build/libzmq-staging/build/CMakeFiles/CMakeTmp/src.c:10:43: note: each undeclared identifier is reported only once for each function it appears in
/home/tf1/node-red-edgepi-thermocouple/node_modules/zeromq/build/libzmq-staging/build/CMakeFiles/CMakeTmp/src.c: At top level:
cc1: note: unrecognized command-line option ‘-Wno-tautological-constant-compare’ may have been intended to silence earlier diagnostics
gmake[2]: *** [CMakeFiles/cmTC_60606.dir/build.make:85: CMakeFiles/cmTC_60606.dir/src.c.o] Error 1
gmake[2]: Leaving directory '/home/tf1/node-red-edgepi-thermocouple/node_modules/zeromq/build/libzmq-staging/build/CMakeFiles/CMakeTmp'
gmake[1]: *** [Makefile:140: cmTC_60606/fast] Error 2
gmake[1]: Leaving directory '/home/tf1/node-red-edgepi-thermocouple/node_modules/zeromq/build/libzmq-staging/build/CMakeFiles/CMakeTmp'


...and run output:

Return value: 1
Source file was:

#include <sys/types.h>
#include <sys/socket.h>

int main (int argc, char *argv [])
{
    int s, rc, opt = 1;
    return (
        ((s = socket (PF_INET, SOCK_STREAM, 0)) == -1) ||
        ((rc = setsockopt (s, SOL_SOCKET, SO_PRIORITY, (char*) &opt, sizeof (int))) == -1)
    );
}

Performing C SOURCE FILE Test ZMQ_HAVE_TCP_KEEPALIVE failed with the following compile output:
Change Dir: /home/tf1/node-red-edgepi-thermocouple/node_modules/zeromq/build/libzmq-staging/build/CMakeFiles/CMakeTmp

Run Build Command(s):/usr/bin/gmake cmTC_aaf0e/fast && gmake[1]: Entering directory '/home/tf1/node-red-edgepi-thermocouple/node_modules/zeromq/build/libzmq-staging/build/CMakeFiles/CMakeTmp'
/usr/bin/gmake  -f CMakeFiles/cmTC_aaf0e.dir/build.make CMakeFiles/cmTC_aaf0e.dir/build
gmake[2]: Entering directory '/home/tf1/node-red-edgepi-thermocouple/node_modules/zeromq/build/libzmq-staging/build/CMakeFiles/CMakeTmp'
Building C object CMakeFiles/cmTC_aaf0e.dir/src.c.o
/usr/bin/cc   -std=c11 -Wno-tautological-constant-compare -DZMQ_HAVE_TCP_KEEPALIVE -o CMakeFiles/cmTC_aaf0e.dir/src.c.o -c /home/tf1/node-red-edgepi-thermocouple/node_modules/zeromq/build/libzmq-staging/build/CMakeFiles/CMakeTmp/src.c
/home/tf1/node-red-edgepi-thermocouple/node_modules/zeromq/build/libzmq-staging/build/CMakeFiles/CMakeTmp/src.c: In function ‘main’:
/home/tf1/node-red-edgepi-thermocouple/node_modules/zeromq/build/libzmq-staging/build/CMakeFiles/CMakeTmp/src.c:13:42: error: ‘TCP_KEEPALIVE’ undeclared (first use in this function); did you mean ‘SO_KEEPALIVE’?
   13 |        ((rc = setsockopt(s, IPPROTO_TCP, TCP_KEEPALIVE,(char*) &opt, sizeof(int))) == -1)
      |                                          ^~~~~~~~~~~~~
      |                                          SO_KEEPALIVE
/home/tf1/node-red-edgepi-thermocouple/node_modules/zeromq/build/libzmq-staging/build/CMakeFiles/CMakeTmp/src.c:13:42: note: each undeclared identifier is reported only once for each function it appears in
/home/tf1/node-red-edgepi-thermocouple/node_modules/zeromq/build/libzmq-staging/build/CMakeFiles/CMakeTmp/src.c: At top level:
cc1: note: unrecognized command-line option ‘-Wno-tautological-constant-compare’ may have been intended to silence earlier diagnostics
gmake[2]: *** [CMakeFiles/cmTC_aaf0e.dir/build.make:85: CMakeFiles/cmTC_aaf0e.dir/src.c.o] Error 1
gmake[2]: Leaving directory '/home/tf1/node-red-edgepi-thermocouple/node_modules/zeromq/build/libzmq-staging/build/CMakeFiles/CMakeTmp'
gmake[1]: *** [Makefile:140: cmTC_aaf0e/fast] Error 2
gmake[1]: Leaving directory '/home/tf1/node-red-edgepi-thermocouple/node_modules/zeromq/build/libzmq-staging/build/CMakeFiles/CMakeTmp'


...and run output:

Return value: 1
Source file was:

#include <sys/types.h>
#include <sys/socket.h>
#include <netinet/in.h>
#include <netinet/tcp.h>

int main(int argc, char *argv [])
{
    int s, rc, opt = 1;
    return(
       ((s = socket(PF_INET, SOCK_STREAM, 0)) == -1) ||
       ((rc = setsockopt(s, SOL_SOCKET, SO_KEEPALIVE,(char*) &opt, sizeof(int))) == -1) ||
       ((rc = setsockopt(s, IPPROTO_TCP, TCP_KEEPALIVE,(char*) &opt, sizeof(int))) == -1)
    );
}

Performing C SOURCE FILE Test ZMQ_HAVE_PTHREAD_SETNAME_1 failed with the following compile output:
Change Dir: /home/tf1/node-red-edgepi-thermocouple/node_modules/zeromq/build/libzmq-staging/build/CMakeFiles/CMakeTmp

Run Build Command(s):/usr/bin/gmake cmTC_0f37d/fast && gmake[1]: Entering directory '/home/tf1/node-red-edgepi-thermocouple/node_modules/zeromq/build/libzmq-staging/build/CMakeFiles/CMakeTmp'
/usr/bin/gmake  -f CMakeFiles/cmTC_0f37d.dir/build.make CMakeFiles/cmTC_0f37d.dir/build
gmake[2]: Entering directory '/home/tf1/node-red-edgepi-thermocouple/node_modules/zeromq/build/libzmq-staging/build/CMakeFiles/CMakeTmp'
Building C object CMakeFiles/cmTC_0f37d.dir/src.c.o
/usr/bin/cc   -std=c11 -Wno-tautological-constant-compare -DZMQ_HAVE_PTHREAD_SETNAME_1 -D_GNU_SOURCE -Werror -pthread -o CMakeFiles/cmTC_0f37d.dir/src.c.o -c /home/tf1/node-red-edgepi-thermocouple/node_modules/zeromq/build/libzmq-staging/build/CMakeFiles/CMakeTmp/src.c
/home/tf1/node-red-edgepi-thermocouple/node_modules/zeromq/build/libzmq-staging/build/CMakeFiles/CMakeTmp/src.c: In function ‘main’:
/home/tf1/node-red-edgepi-thermocouple/node_modules/zeromq/build/libzmq-staging/build/CMakeFiles/CMakeTmp/src.c:6:25: error: passing argument 1 of ‘pthread_setname_np’ makes integer from pointer without a cast [-Werror=int-conversion]
    6 |     pthread_setname_np ("foo");
      |                         ^~~~~
      |                         |
      |                         char *
In file included from /home/tf1/node-red-edgepi-thermocouple/node_modules/zeromq/build/libzmq-staging/build/CMakeFiles/CMakeTmp/src.c:2:
/usr/include/pthread.h:427:42: note: expected ‘pthread_t’ {aka ‘long unsigned int’} but argument is of type ‘char *’
  427 | extern int pthread_setname_np (pthread_t __target_thread, const char *__name)
      |                                ~~~~~~~~~~^~~~~~~~~~~~~~~
/home/tf1/node-red-edgepi-thermocouple/node_modules/zeromq/build/libzmq-staging/build/CMakeFiles/CMakeTmp/src.c:6:5: error: too few arguments to function ‘pthread_setname_np’
    6 |     pthread_setname_np ("foo");
      |     ^~~~~~~~~~~~~~~~~~
In file included from /home/tf1/node-red-edgepi-thermocouple/node_modules/zeromq/build/libzmq-staging/build/CMakeFiles/CMakeTmp/src.c:2:
/usr/include/pthread.h:427:12: note: declared here
  427 | extern int pthread_setname_np (pthread_t __target_thread, const char *__name)
      |            ^~~~~~~~~~~~~~~~~~
/home/tf1/node-red-edgepi-thermocouple/node_modules/zeromq/build/libzmq-staging/build/CMakeFiles/CMakeTmp/src.c: At top level:
cc1: note: unrecognized command-line option ‘-Wno-tautological-constant-compare’ may have been intended to silence earlier diagnostics
cc1: all warnings being treated as errors
gmake[2]: *** [CMakeFiles/cmTC_0f37d.dir/build.make:85: CMakeFiles/cmTC_0f37d.dir/src.c.o] Error 1
gmake[2]: Leaving directory '/home/tf1/node-red-edgepi-thermocouple/node_modules/zeromq/build/libzmq-staging/build/CMakeFiles/CMakeTmp'
gmake[1]: *** [Makefile:140: cmTC_0f37d/fast] Error 2
gmake[1]: Leaving directory '/home/tf1/node-red-edgepi-thermocouple/node_modules/zeromq/build/libzmq-staging/build/CMakeFiles/CMakeTmp'


...and run output:

Return value: 1
Source file was:

#include <pthread.h>

int main(int argc, char *argv [])
{
    pthread_setname_np ("foo");
    return 0;
}

Performing C SOURCE FILE Test ZMQ_HAVE_PTHREAD_SETNAME_3 failed with the following compile output:
Change Dir: /home/tf1/node-red-edgepi-thermocouple/node_modules/zeromq/build/libzmq-staging/build/CMakeFiles/CMakeTmp

Run Build Command(s):/usr/bin/gmake cmTC_d1cba/fast && gmake[1]: Entering directory '/home/tf1/node-red-edgepi-thermocouple/node_modules/zeromq/build/libzmq-staging/build/CMakeFiles/CMakeTmp'
/usr/bin/gmake  -f CMakeFiles/cmTC_d1cba.dir/build.make CMakeFiles/cmTC_d1cba.dir/build
gmake[2]: Entering directory '/home/tf1/node-red-edgepi-thermocouple/node_modules/zeromq/build/libzmq-staging/build/CMakeFiles/CMakeTmp'
Building C object CMakeFiles/cmTC_d1cba.dir/src.c.o
/usr/bin/cc   -std=c11 -Wno-tautological-constant-compare -DZMQ_HAVE_PTHREAD_SETNAME_3 -D_GNU_SOURCE -Werror -pthread -o CMakeFiles/cmTC_d1cba.dir/src.c.o -c /home/tf1/node-red-edgepi-thermocouple/node_modules/zeromq/build/libzmq-staging/build/CMakeFiles/CMakeTmp/src.c
/home/tf1/node-red-edgepi-thermocouple/node_modules/zeromq/build/libzmq-staging/build/CMakeFiles/CMakeTmp/src.c: In function ‘main’:
/home/tf1/node-red-edgepi-thermocouple/node_modules/zeromq/build/libzmq-staging/build/CMakeFiles/CMakeTmp/src.c:6:5: error: too many arguments to function ‘pthread_setname_np’
    6 |     pthread_setname_np (pthread_self(), "foo", (void *)0);
      |     ^~~~~~~~~~~~~~~~~~
In file included from /home/tf1/node-red-edgepi-thermocouple/node_modules/zeromq/build/libzmq-staging/build/CMakeFiles/CMakeTmp/src.c:2:
/usr/include/pthread.h:427:12: note: declared here
  427 | extern int pthread_setname_np (pthread_t __target_thread, const char *__name)
      |            ^~~~~~~~~~~~~~~~~~
/home/tf1/node-red-edgepi-thermocouple/node_modules/zeromq/build/libzmq-staging/build/CMakeFiles/CMakeTmp/src.c: At top level:
cc1: note: unrecognized command-line option ‘-Wno-tautological-constant-compare’ may have been intended to silence earlier diagnostics
gmake[2]: *** [CMakeFiles/cmTC_d1cba.dir/build.make:85: CMakeFiles/cmTC_d1cba.dir/src.c.o] Error 1
gmake[2]: Leaving directory '/home/tf1/node-red-edgepi-thermocouple/node_modules/zeromq/build/libzmq-staging/build/CMakeFiles/CMakeTmp'
gmake[1]: *** [Makefile:140: cmTC_d1cba/fast] Error 2
gmake[1]: Leaving directory '/home/tf1/node-red-edgepi-thermocouple/node_modules/zeromq/build/libzmq-staging/build/CMakeFiles/CMakeTmp'


...and run output:

Return value: 1
Source file was:

#include <pthread.h>

int main(int argc, char *argv [])
{
    pthread_setname_np (pthread_self(), "foo", (void *)0);
    return 0;
}

Performing C SOURCE FILE Test ZMQ_HAVE_PTHREAD_SET_NAME failed with the following compile output:
Change Dir: /home/tf1/node-red-edgepi-thermocouple/node_modules/zeromq/build/libzmq-staging/build/CMakeFiles/CMakeTmp

Run Build Command(s):/usr/bin/gmake cmTC_6c564/fast && gmake[1]: Entering directory '/home/tf1/node-red-edgepi-thermocouple/node_modules/zeromq/build/libzmq-staging/build/CMakeFiles/CMakeTmp'
/usr/bin/gmake  -f CMakeFiles/cmTC_6c564.dir/build.make CMakeFiles/cmTC_6c564.dir/build
gmake[2]: Entering directory '/home/tf1/node-red-edgepi-thermocouple/node_modules/zeromq/build/libzmq-staging/build/CMakeFiles/CMakeTmp'
Building C object CMakeFiles/cmTC_6c564.dir/src.c.o
/usr/bin/cc   -std=c11 -Wno-tautological-constant-compare -DZMQ_HAVE_PTHREAD_SET_NAME -D_GNU_SOURCE -Werror -pthread -o CMakeFiles/cmTC_6c564.dir/src.c.o -c /home/tf1/node-red-edgepi-thermocouple/node_modules/zeromq/build/libzmq-staging/build/CMakeFiles/CMakeTmp/src.c
/home/tf1/node-red-edgepi-thermocouple/node_modules/zeromq/build/libzmq-staging/build/CMakeFiles/CMakeTmp/src.c: In function ‘main’:
/home/tf1/node-red-edgepi-thermocouple/node_modules/zeromq/build/libzmq-staging/build/CMakeFiles/CMakeTmp/src.c:6:5: error: implicit declaration of function ‘pthread_set_name_np’; did you mean ‘pthread_setname_np’? [-Werror=implicit-function-declaration]
    6 |     pthread_set_name_np (pthread_self(), "foo");
      |     ^~~~~~~~~~~~~~~~~~~
      |     pthread_setname_np
/home/tf1/node-red-edgepi-thermocouple/node_modules/zeromq/build/libzmq-staging/build/CMakeFiles/CMakeTmp/src.c: At top level:
cc1: note: unrecognized command-line option ‘-Wno-tautological-constant-compare’ may have been intended to silence earlier diagnostics
cc1: all warnings being treated as errors
gmake[2]: *** [CMakeFiles/cmTC_6c564.dir/build.make:85: CMakeFiles/cmTC_6c564.dir/src.c.o] Error 1
gmake[2]: Leaving directory '/home/tf1/node-red-edgepi-thermocouple/node_modules/zeromq/build/libzmq-staging/build/CMakeFiles/CMakeTmp'
gmake[1]: *** [Makefile:140: cmTC_6c564/fast] Error 2
gmake[1]: Leaving directory '/home/tf1/node-red-edgepi-thermocouple/node_modules/zeromq/build/libzmq-staging/build/CMakeFiles/CMakeTmp'


...and run output:

Return value: 1
Source file was:

#include <pthread.h>

int main(int argc, char *argv [])
{
    pthread_set_name_np (pthread_self(), "foo");
    return 0;
}

